1 1 1
859309 179805 442
496330 561910 442
303154 377872 437
757958 886486 441
503376 764418 442
285178 371547 437
560925 534465 442
18314 829711 442
199843 455243 439
596811 993455 441
795971 745409 440
851645 788285 441
964719 544008 442
303317 144201 439
195083 778981 442
268827 908948 442
146541 332626 439
158539 775495 442
373079 328504 437
196787 767990 442
77679 723388 442
928567 639851 441
514313 665948 442
456053 239326 439
30449 161544 375
118195 359003 439
836122 162723 442
288215 227569 439
764069 416905 442
978381 464287 442
831088 231 442
276589 718878 442
837675 904777 432
977500 173216 442
754896 468837 442
51250 196446 375
104087 718496 442
946579 682222 441
354752 403687 432
641959 990175 441
667355 697928 438
102483 610588 442
516600 97666 441
796628 278712 442
952472 540107 442
628831 617052 386
449451 489190 440
255947 577072 442
829587 895462 432
910890 442082 442
952983 731499 441
876845 733696 441
965873 51902 442
473675 789683 442
955880 452670 442
363689 399255 432
932268 398590 442
142312 173588 375
993832 936749 427
630951 206846 442
674705 618494 427
819643 429805 442
116557 467584 440
67585 685391 442
336615 566585 442
795735 870403 441
455891 90187 439
575084 118777 442
27068 815495 442
551676 883002 441
410648 808639 442
121006 364354 439
567001 755974 438
137498 209675 375
718437 903574 441
495221 924870 442
740859 35481 442
762260 135576 442
66563 141140 354
493392 594422 442
507563 565813 442
546052 455096 441
476136 474819 349
35433 307447 439
446501 790833 442
584823 386432 442
640897 738857 438
714206 388537 442
88558 271299 439
708707 546961 438
628316 914401 441
567233 572356 378
254231 331316 407
686795 345772 442
695701 765388 425
127137 539658 441
346260 899255 442
439936 564811 442
844590 816528 441
248302 52618 439
906118 164494 442
233693 801813 442
657335 960314 441
122731 317318 439
580547 10355 442
325762 302507 382
968592 73955 442
817602 773525 434
717807 392411 442
111163 22949 354
787214 723501 440
796646 666708 440
466617 431821 440
190745 42709 375
527093 307546 441
168424 640157 442
194317 739430 442
300580 580789 442
213491 190355 373
482724 772677 442
646415 243086 442
836521 270648 442
519458 539634 408
229468 619576 442
236478 72956 439
445241 708407 442
829183 567664 441
942179 930250 412
612279 319621 442
629062 755958 438
589565 231453 442
458982 494545 440
861551 460234 442
184795 164912 365
709011 240072 442
764973 497827 442
96132 488811 440
676664 11291 442
422198 984617 442
162506 525506 441
198440 980745 442
820015 526948 442
571938 117903 442
197518 59534 375
27391 693124 442
32211 624112 442
244088 742736 442
49736 815158 442
441032 301391 439
2198 454883 439
391900 899177 442
661716 29827 442
340440 934906 442
689723 464926 442
542282 930256 442
579200 526370 442
408886 793669 442
476129 504893 424
666601 525425 442
49826 337417 439
158409 925560 442
340350 915284 442
347152 542863 441
136540 895457 442
643955 981718 441
376370 305078 437
99552 807786 442
95674 686132 442
412143 311530 439
426169 929797 442
692554 388594 442
651610 999227 441
962528 430846 442
523623 266900 441
840906 797744 441
769596 518369 442
502880 239990 440
871253 747128 441
632569 68953 442
470250 862158 442
507026 330444 440
978084 850026 441
243114 439650 439
291414 904414 442
155915 409185 439
779274 346620 442
226049 336637 439
85793 465968 440
482644 275673 440
602671 373284 442
783203 413551 442
143469 463661 440
148899 52714 375
373786 711052 442
623074 305054 442
360524 421448 439
859219 145990 442
263543 951559 442
593920 322888 442
295660 349513 437
141725 831780 442
139960 581913 442
9481 629110 442
581217 713040 438
204684 912085 442
742868 836927 441
664904 52344 442
934197 314065 442
382491 371022 421
113642 487381 440
480926 622210 442
683421 457045 442
693884 29160 442
482083 241202 440
851999 140261 442
611628 462147 442
786262 112555 442
333528 803580 442
992232 764219 441
871350 559024 441
333925 320924 382
583880 71848 442
152430 300910 439
320971 182356 439
697769 191913 442
222978 42050 384
501271 216047 440
619223 670374 427
894934 326431 442
363867 680549 442
400388 809030 442
845911 159368 442
783698 616415 440
416301 897563 442
916627 985948 441
129015 687695 442
827316 282697 442
499383 899598 442
674194 864391 441
886252 191144 442
783519 711635 440
576632 257921 442
335934 161748 439
850664 652184 441
677253 900996 441
354984 649224 442
669033 947821 441
118566 562610 442
129978 396082 439
42046 64280 340
782630 413026 442
372777 28121 439
181638 620729 442
867074 195539 442
255752 100906 439
758012 717856 425
704610 152110 442
105199 222953 384
533755 659611 442
177617 273274 439
526165 327938 441
693642 800839 440
657771 599909 438
208423 160824 373
82490 186999 375
225783 81008 384
198778 850347 442
204761 119496 375
601673 227494 442
531351 348935 441
157169 208472 373
860073 571403 441
449898 890906 442
885146 333531 442
373925 224514 439
87881 890665 442
424833 991533 442
397210 448982 439
658984 955340 441
979887 867761 441
790385 267693 442
318324 551707 442
620999 686613 427
220970 192167 384
847189 214038 442
307584 544334 441
244982 385854 437
82873 246663 439
365725 624978 442
477261 784638 442
866256 535177 442
953113 904842 441
326442 62584 439
39992 267319 439
446335 567804 442
966139 913631 441
701016 943499 441
120420 635382 442
723832 192110 442
331515 726505 442
141743 778736 442
115274 142802 375
939574 374578 442
192834 570415 442
670610 496559 442
30304 248097 439
78702 492140 440
684569 947308 441
543603 180727 441
565997 114054 442
346995 839837 442
231368 997304 442
415347 274174 439
171356 985278 442
163573 286580 439
732880 699732 425
701361 677384 438
213736 176802 373
766456 392779 442
131110 118469 344
462196 362607 440
187278 748645 442
224959 255268 439
396043 186069 439
459053 872448 442
335514 318179 382
642144 333740 442
375954 243080 437
896019 291262 442
743094 400365 442
263730 145522 439
681786 227396 442
736515 396927 442
265487 342756 415
28981 506471 440
907452 360074 442
224723 675521 442
969552 217611 442
772524 970217 441
292543 505760 440
339678 467266 440
221943 367767 439
52937 940476 442
970852 171798 442
511360 918218 442
647054 607051 438
710386 449512 442
46909 714297 442
431237 562676 442
601107 897256 441
483808 740978 442
145829 755022 442
568893 84376 442
729624 768263 440
829299 930772 441
197606 70360 375
964597 814889 441
549158 243173 442
308700 755882 442
466276 975635 442
945761 58718 442
956034 539574 442
477848 843516 442
921225 48527 442
312600 901663 442
779619 263039 442
473845 209799 440
964211 290994 442
84429 225449 384
79861 933721 442
493469 138411 440
61684 127691 354
602523 404380 442
414539 349525 439
864567 639900 441
470705 218787 440
465039 402335 440
375495 997873 442
952332 845510 441
200833 3106 375
835253 96790 442
686290 422881 442
662030 646902 427
947319 526717 442
978505 614598 441
157654 206172 370
84020 823795 442
361310 42268 439
291778 276005 389
312825 747907 442
843233 7124 442
838733 42513 442
399895 192078 439
724118 931602 441
231665 954202 442
698776 166581 442
977924 88342 442
673852 914628 441
653761 412513 442
66867 44015 340
967783 350160 442
416060 257577 439
560616 801050 440
839195 167516 442
921137 893624 439
292293 252062 407
592287 102035 442
743655 517578 442
328129 349073 437
187574 993834 442
407075 340946 437
891525 215787 442
457799 80718 439
74895 610268 442
558827 461937 442
101381 534546 441
626199 412464 442
256597 283606 407
866128 561847 441
842727 258905 442
329979 968955 442
942918 307824 442
837127 958311 441
497416 80418 440
171618 907251 442
529911 821480 442
428223 103159 439
630176 462029 442
711821 363747 442
743247 573926 438
353673 259971 437
680346 853985 441
34200 645388 442
875613 261718 442
689940 430209 442
474575 270180 440
739951 644801 438
405183 702173 442
175570 893812 442
334355 165586 439
603876 630434 438
237022 541348 441
612891 372297 442
713553 220030 442
120847 620395 442
737620 742311 421
936266 172596 442
335228 891785 442
478263 375421 440
913575 744607 441
698109 393694 442
210387 241344 439
279678 800447 442
395112 426115 439
53017 832403 442
800243 936048 441
530178 649179 442
478630 998172 442
860996 353673 442
690752 463509 442
756959 293815 442
87097 352439 439
865398 239051 442
253452 240592 368
160725 585913 442
591413 839104 441
102256 780732 442
521546 14359 441
382437 437236 439
264017 319670 389
923421 1490 442
132078 761437 442
902864 926047 441
326569 920466 442
441820 529397 441
87918 72483 351
958099 8833 442
432017 552209 442
552520 478288 442
829018 55899 442
397144 870845 442
662918 941637 441
107058 141506 349
39683 106454 354
357548 142952 439
462910 58979 440
650858 536955 442
149430 683028 442
223252 770077 442
722484 554773 438
485030 931583 442
781766 308905 442
151635 331655 439
993651 660072 441
630026 504947 442
242168 277797 407
835207 78880 442
509996 727385 442
260599 546547 441
388201 256924 437
322878 20924 439
293759 759535 442
578381 719659 438
632284 412508 442
664800 860724 441
770832 85043 442
711227 70611 442
306746 459372 439
283889 646309 442
610995 411437 442
102116 86818 341
996657 12705 442
660206 788092 440
418387 483091 440
910291 305789 442
383636 356525 424
152501 358370 439
380156 335379 437
612520 430764 442
552987 830824 441
255327 561271 442
369945 96013 439
372849 225634 439
324997 579376 442
930402 214299 442
419549 799196 442
61342 320062 439
62810 861278 442
538542 7112 441
584057 123265 442
124947 856244 442
58256 65298 335
898469 768985 441
88260 11384 351
173869 239493 439
366064 319908 437
851295 332257 442
687356 516081 442
777772 882877 441
908186 93077 442
634442 481206 442
213167 486691 440
432839 354985 439
250832 763200 442
261252 312447 407
697304 785894 440
948743 810784 441
224708 889536 442
473506 462218 408
114376 251182 439
794427 113536 442
77331 598832 442
131190 982953 442
452456 690753 442
455498 686792 442
928211 31249 442
629692 10084 442
742911 988680 441
275119 278651 389
960429 255018 442
107430 896668 442
25768 956430 442
679242 12122 442
103301 326907 439
5788 331226 439
339174 254038 407
66050 676515 442
994099 256905 442
428346 382494 439
461502 807486 442
746740 378216 442
151262 701794 442
547861 284710 442
297122 405486 437
286686 357993 437
374534 392332 432
986876 776057 441
757970 762138 381
556276 392348 442
731536 827386 441
551661 310454 442
834487 186228 442
809324 183827 442
997112 612860 441
347620 928682 442
27576 853472 442
169014 711023 442
795657 541591 442
235808 270844 407
111176 152980 375
392326 541114 441
642639 374900 442
940352 719148 441
808609 472249 442
739665 644810 438
348046 478853 440
720953 370962 442
121460 955599 442
307721 67888 439
902764 281180 442
895108 84794 442
