1 1 1
859309 179805 470
496330 561910 470
303154 377872 441
757958 886486 468
503376 764418 470
285178 371547 441
560925 534465 452
18314 829711 470
199843 455243 449
596811 993455 476
795971 745409 468
851645 788285 468
964719 544008 476
303317 144201 443
195083 778981 470
268827 908948 470
146541 332626 443
158539 775495 470
373079 328504 441
196787 767990 470
77679 723388 470
928567 639851 476
514313 665948 452
456053 239326 449
30449 161544 383
118195 359003 443
836122 162723 470
288215 227569 443
764069 416905 470
978381 464287 476
831088 231 470
276589 718878 470
837675 904777 432
977500 173216 476
754896 468837 470
51250 196446 383
104087 718496 470
946579 682222 476
354752 403687 436
641959 990175 476
667355 697928 442
102483 610588 470
516600 97666 470
796628 278712 470
952472 540107 476
628831 617052 385
449451 489190 444
255947 577072 470
829587 895462 432
910890 442082 476
952983 731499 476
876845 733696 468
965873 51902 476
473675 789683 470
955880 452670 476
363689 399255 436
932268 398590 476
142312 173588 383
993832 936749 458
630951 206846 470
674705 618494 429
819643 429805 470
116557 467584 449
67585 685391 470
336615 566585 470
795735 870403 468
455891 90187 449
575084 118777 470
27068 815495 470
551676 883002 468
410648 808639 470
121006 364354 443
567001 755974 447
137498 209675 383
718437 903574 468
495221 924870 476
740859 35481 470
762260 135576 470
66563 141140 354
493392 594422 470
507563 565813 470
546052 455096 470
476136 474819 351
35433 307447 443
446501 790833 470
584823 386432 470
640897 738857 442
714206 388537 470
88558 271299 443
708707 546961 447
628316 914401 476
567233 572356 377
254231 331316 407
686795 345772 470
695701 765388 424
127137 539658 470
346260 899255 470
439936 564811 470
844590 816528 450
248302 52618 443
906118 164494 470
233693 801813 470
657335 960314 476
122731 317318 443
580547 10355 470
325762 302507 384
968592 73955 476
817602 773525 468
717807 392411 470
111163 22949 354
787214 723501 468
796646 666708 468
466617 431821 444
190745 42709 383
527093 307546 470
168424 640157 470
194317 739430 470
300580 580789 470
213491 190355 373
482724 772677 470
646415 243086 470
836521 270648 470
519458 539634 408
229468 619576 470
236478 72956 443
445241 708407 470
829183 567664 468
942179 930250 445
612279 319621 470
629062 755958 442
589565 231453 470
458982 494545 444
861551 460234 470
184795 164912 365
709011 240072 470
764973 497827 470
96132 488811 449
676664 11291 470
422198 984617 476
162506 525506 470
198440 980745 476
820015 526948 468
571938 117903 470
197518 59534 383
27391 693124 470
32211 624112 470
244088 742736 470
49736 815158 470
441032 301391 449
2198 454883 449
391900 899177 470
661716 29827 470
340440 934906 476
689723 464926 470
542282 930256 476
579200 526370 452
408886 793669 470
476129 504893 426
666601 525425 452
49826 337417 443
158409 925560 476
340350 915284 476
347152 542863 470
136540 895457 470
643955 981718 476
376370 305078 441
99552 807786 470
95674 686132 470
412143 311530 449
426169 929797 476
692554 388594 470
651610 999227 476
962528 430846 476
523623 266900 470
840906 797744 450
769596 518369 468
502880 239990 449
871253 747128 468
632569 68953 470
470250 862158 470
507026 330444 449
978084 850026 476
243114 439650 449
291414 904414 470
155915 409185 443
779274 346620 470
226049 336637 443
85793 465968 449
482644 275673 449
602671 373284 470
783203 413551 470
143469 463661 449
148899 52714 375
373786 711052 470
623074 305054 470
360524 421448 449
859219 145990 470
263543 951559 476
593920 322888 470
295660 349513 441
141725 831780 470
139960 581913 470
9481 629110 470
581217 713040 447
204684 912085 476
742868 836927 468
664904 52344 470
934197 314065 476
382491 371022 423
113642 487381 449
480926 622210 470
683421 457045 470
693884 29160 470
482083 241202 449
851999 140261 470
611628 462147 470
786262 112555 470
333528 803580 470
992232 764219 476
871350 559024 468
333925 320924 384
583880 71848 470
152430 300910 443
320971 182356 443
697769 191913 470
222978 42050 386
501271 216047 449
619223 670374 429
894934 326431 470
363867 680549 470
400388 809030 470
845911 159368 470
783698 616415 468
416301 897563 470
916627 985948 458
129015 687695 470
827316 282697 470
499383 899598 470
674194 864391 468
886252 191144 470
783519 711635 468
576632 257921 470
335934 161748 443
850664 652184 468
677253 900996 468
354984 649224 470
669033 947821 476
118566 562610 470
129978 396082 443
42046 64280 340
782630 413026 470
372777 28121 443
181638 620729 470
867074 195539 470
255752 100906 443
758012 717856 424
704610 152110 470
105199 222953 386
533755 659611 452
177617 273274 443
526165 327938 470
693642 800839 468
657771 599909 447
208423 160824 373
82490 186999 383
225783 81008 386
198778 850347 470
204761 119496 383
601673 227494 470
531351 348935 470
157169 208472 373
860073 571403 468
449898 890906 470
885146 333531 470
373925 224514 443
87881 890665 470
424833 991533 476
397210 448982 449
658984 955340 476
979887 867761 476
790385 267693 470
318324 551707 470
620999 686613 429
220970 192167 386
847189 214038 470
307584 544334 470
244982 385854 441
82873 246663 443
365725 624978 470
477261 784638 470
866256 535177 468
953113 904842 476
326442 62584 443
39992 267319 443
446335 567804 470
966139 913631 445
701016 943499 476
120420 635382 470
723832 192110 470
331515 726505 470
141743 778736 470
115274 142802 375
939574 374578 476
192834 570415 470
670610 496559 470
30304 248097 443
78702 492140 449
684569 947308 476
543603 180727 470
565997 114054 470
346995 839837 470
231368 997304 476
415347 274174 449
171356 985278 476
163573 286580 443
732880 699732 411
701361 677384 442
213736 176802 373
766456 392779 470
131110 118469 344
462196 362607 449
187278 748645 470
224959 255268 443
396043 186069 443
459053 872448 470
335514 318179 384
642144 333740 470
375954 243080 441
896019 291262 470
743094 400365 470
263730 145522 443
681786 227396 470
736515 396927 470
265487 342756 389
28981 506471 449
907452 360074 470
224723 675521 470
969552 217611 476
772524 970217 476
292543 505760 449
339678 467266 449
221943 367767 443
52937 940476 476
970852 171798 476
511360 918218 476
647054 607051 447
710386 449512 470
46909 714297 470
431237 562676 470
601107 897256 468
483808 740978 470
145829 755022 470
568893 84376 470
729624 768263 468
829299 930772 476
197606 70360 383
964597 814889 476
549158 243173 470
308700 755882 470
466276 975635 476
945761 58718 476
956034 539574 476
477848 843516 470
921225 48527 476
312600 901663 470
779619 263039 470
473845 209799 449
964211 290994 476
84429 225449 386
79861 933721 476
493469 138411 449
61684 127691 354
602523 404380 470
414539 349525 449
864567 639900 468
470705 218787 449
465039 402335 449
375495 997873 476
952332 845510 476
200833 3106 383
835253 96790 470
686290 422881 470
662030 646902 429
947319 526717 476
978505 614598 476
157654 206172 370
84020 823795 470
361310 42268 443
291778 276005 389
312825 747907 470
843233 7124 470
838733 42513 470
399895 192078 443
724118 931602 476
231665 954202 476
698776 166581 470
977924 88342 476
673852 914628 476
653761 412513 470
66867 44015 340
967783 350160 476
416060 257577 449
560616 801050 468
839195 167516 470
921137 893624 476
292293 252062 407
592287 102035 470
743655 517578 452
328129 349073 441
187574 993834 476
407075 340946 441
891525 215787 470
457799 80718 449
74895 610268 470
558827 461937 470
101381 534546 470
626199 412464 470
256597 283606 407
866128 561847 468
842727 258905 470
329979 968955 476
942918 307824 476
837127 958311 476
497416 80418 449
171618 907251 470
529911 821480 468
428223 103159 449
630176 462029 470
711821 363747 470
743247 573926 447
353673 259971 441
680346 853985 468
34200 645388 470
875613 261718 470
689940 430209 470
474575 270180 449
739951 644801 442
405183 702173 470
175570 893812 470
334355 165586 443
603876 630434 447
237022 541348 470
612891 372297 470
713553 220030 470
120847 620395 470
737620 742311 424
936266 172596 476
335228 891785 470
478263 375421 449
913575 744607 476
698109 393694 470
210387 241344 443
279678 800447 470
395112 426115 449
53017 832403 470
800243 936048 476
530178 649179 452
478630 998172 476
860996 353673 470
690752 463509 470
756959 293815 470
87097 352439 443
865398 239051 470
253452 240592 368
160725 585913 470
591413 839104 468
102256 780732 470
521546 14359 470
382437 437236 449
264017 319670 389
923421 1490 476
132078 761437 470
902864 926047 476
326569 920466 476
441820 529397 470
87918 72483 351
958099 8833 476
432017 552209 470
552520 478288 470
829018 55899 470
397144 870845 470
662918 941637 476
107058 141506 349
39683 106454 354
357548 142952 443
462910 58979 449
650858 536955 452
149430 683028 470
223252 770077 470
722484 554773 447
485030 931583 476
781766 308905 470
151635 331655 443
993651 660072 476
630026 504947 470
242168 277797 407
835207 78880 470
509996 727385 470
260599 546547 470
388201 256924 441
322878 20924 443
293759 759535 470
578381 719659 447
632284 412508 470
664800 860724 468
770832 85043 470
711227 70611 470
306746 459372 449
283889 646309 470
610995 411437 470
102116 86818 341
996657 12705 476
660206 788092 468
418387 483091 444
910291 305789 476
383636 356525 423
152501 358370 443
380156 335379 441
612520 430764 470
552987 830824 468
255327 561271 470
369945 96013 443
372849 225634 443
324997 579376 470
930402 214299 476
419549 799196 470
61342 320062 443
62810 861278 470
538542 7112 470
584057 123265 470
124947 856244 470
58256 65298 335
898469 768985 468
88260 11384 351
173869 239493 443
366064 319908 441
851295 332257 470
687356 516081 452
777772 882877 468
908186 93077 470
634442 481206 470
213167 486691 449
432839 354985 449
250832 763200 470
261252 312447 407
697304 785894 468
948743 810784 476
224708 889536 470
473506 462218 413
114376 251182 443
794427 113536 470
77331 598832 470
131190 982953 476
452456 690753 470
455498 686792 470
928211 31249 476
629692 10084 470
742911 988680 476
275119 278651 389
960429 255018 476
107430 896668 470
25768 956430 476
679242 12122 470
103301 326907 443
5788 331226 443
339174 254038 407
66050 676515 470
994099 256905 476
428346 382494 449
461502 807486 470
746740 378216 470
151262 701794 470
547861 284710 470
297122 405486 441
286686 357993 441
374534 392332 436
986876 776057 476
757970 762138 380
556276 392348 470
731536 827386 468
551661 310454 470
834487 186228 470
809324 183827 470
997112 612860 476
347620 928682 476
27576 853472 470
169014 711023 470
795657 541591 468
235808 270844 407
111176 152980 375
392326 541114 470
642639 374900 470
940352 719148 476
808609 472249 470
739665 644810 442
348046 478853 449
720953 370962 470
121460 955599 476
307721 67888 443
902764 281180 470
895108 84794 470
253581 905719 470
162316 10129 383
410085 964511 476
161427 660128 470
675024 379916 470
475991 461580 413
640981 565164 447
793365 251892 470
351375 374690 392
582551 111748 470
977617 272485 476
271725 17609 443
390350 52136 443
566175 975112 476
45379 698347 470
890786 757991 468
865237 774706 468
747852 389322 470
404052 162311 443
715988 986035 476
170753 584219 470
177307 905066 470
416905 466825 444
434671 844907 470
629149 167801 470
211832 458593 449
17950 424699 449
845718 526280 468
632450 986046 476
316619 864945 470
239811 48979 443
345742 230290 443
736865 373798 470
127092 542098 470
717484 619718 442
710827 879271 468
566782 991472 476
672855 241245 470
720507 948276 476
799521 173429 470
948788 23960 476
524931 299116 470
978622 990288 427
427720 135627 449
761334 895345 468
185348 336628 443
509387 538242 470
448755 647064 470
510423 581596 470
817153 425948 470
162692 864918 470
883742 607278 468
338350 472923 449
700114 970799 476
863177 357005 470
943838 346160 476
508777 268804 449
345808 650735 470
315307 210688 443
43430 922242 476
650536 276491 470
973703 196633 476
185324 19990 383
938983 255766 476
503522 96361 449
680255 694992 442
24770 44200 324
727466 704472 411
159140 293654 443
561418 77467 470
456820 146206 449
102941 498737 449
707288 245536 470
723148 635799 442
117679 997764 476
61421 462317 449
129487 140872 344
159054 100723 383
70614 70275 312
206979 377523 443
591436 359221 470
328721 797238 470
724151 487282 470
298156 371366 441
316044 857932 470
839686 520813 468
158416 173459 370
247564 303096 407
708163 437707 470
822268 978298 476
476478 19667 449
347590 256472 441
149203 652773 470
58734 706071 470
687932 791350 468
131235 92087 354
745672 253344 470
960573 912118 445
13232 686527 470
554940 771537 468
657722 758525 442
26732 662395 470
576710 57653 470
248486 652099 470
119115 340334 443
546709 379649 470
294664 674626 470
669764 976949 476
226331 867840 470
385121 474025 449
516024 118234 470
482327 324249 449
349683 118858 443
910958 869356 476
841104 452955 470
973437 867418 476
486426 936874 476
365371 540820 470
960485 160036 476
821614 782804 468
919623 781389 476
27016 185083 383
659364 632937 429
553078 869195 468
949546 913131 445
64265 457622 449
857075 85880 470
855275 629781 468
569762 951065 476
816084 642463 468
888362 182452 470
827494 236936 470
188052 57127 383
551048 513695 452
254394 867050 470
825933 206252 470
615103 776706 468
838631 9143 470
793612 296796 470
837231 453112 470
864245 999729 476
525521 987285 476
131464 698967 470
506604 338253 449
447354 203428 449
395299 317474 441
521521 85933 470
604254 419857 470
748469 477607 470
337085 311839 384
149641 870748 470
152237 348061 443
658055 487769 470
461661 486780 413
419049 694253 470
495435 377496 449
333455 271807 389
637606 768920 468
881477 520156 468
233522 160479 443
741610 708575 424
909929 538761 468
586455 600787 403
855352 51181 470
712987 376294 470
681776 248156 470
497059 963337 476
800800 18537 470
596905 948114 476
586058 783855 468
514542 521758 439
234572 536170 470
833016 13462 470
870513 353430 470
835299 390859 470
549220 170882 470
437258 944612 476
180836 296569 443
623444 713503 442
630866 156039 470
682767 905639 468
301503 116226 443
528402 663160 452
500685 807177 470
996379 991079 365
185567 644507 470
519195 125344 470
334423 455845 449
333303 243360 407
725571 782979 468
689520 882818 468
985462 541039 476
633537 340428 470
673593 700439 442
18563 43490 324
412470 196417 449
359882 515994 470
294944 551003 470
8933 81264 351
174294 584579 470
918380 404577 476
959105 375597 476
731418 934007 476
328450 804777 470
296072 570889 470
155671 73325 375
997564 599884 476
923062 963757 445
957809 186189 476
5080 304258 443
747872 26677 470
79283 712275 470
696590 447035 470
488149 683292 470
317089 542228 470
754307 806394 468
542956 423537 470
436928 309130 449
445136 167628 449
441657 377985 449
270101 886659 470
671804 504167 470
581998 881766 468
728966 229145 470
808238 271632 470
124852 731416 470
669117 662085 398
314462 640359 470
417450 858291 470
723033 959793 476
587949 756825 447
226492 363640 443
506455 28215 449
436147 226581 449
941287 534395 476
105968 948434 476
175328 861300 470
318801 713071 470
122013 493407 449
543030 462187 470
110292 65324 354
271128 227006 443
924977 845697 476
487821 351524 449
218949 122874 386
718438 766678 424
138575 557349 470
291462 245950 407
179877 871129 470
815501 784343 468
805192 995294 476
729941 548356 447
138982 221779 386
462645 990439 476
379756 994586 476
692427 429422 470
560577 505372 470
795995 70286 470
145339 714132 470
970862 34641 476
382292 993240 476
277560 269427 363
889482 466264 470
853491 675576 468
637137 101808 470
772476 243021 470
332197 739587 470
251017 967595 476
250752 832815 470
846275 230085 470
27282 972520 476
980555 569336 476
136904 304458 443
97732 582483 470
388977 758993 470
88224 386420 443
787805 866449 468
642752 545769 452
565496 322952 470
539309 966983 476
355214 287209 441
143131 488312 449
728063 539829 452
85682 169267 383
493747 20867 449
817224 760698 468
342944 11439 443
356657 544300 470
689441 566055 447
831718 463334 470
517141 406322 470
781066 679490 468
109642 194096 383
847111 282822 470
34689 256684 443
225893 602146 470
856769 923703 476
981630 13280 476
923338 154580 476
745789 801941 468
150248 653524 470
802685 24773 470
566825 10694 470
634007 614184 447
265133 990464 476
378777 877199 470
857335 680002 468
427260 21678 449
496457 969125 476
417074 817744 470
529860 839109 468
900762 285622 470
685773 661116 398
351530 740263 470
135449 970529 476
106940 168221 383
966258 158795 476
413410 314433 449
923962 953893 445
86537 181413 383
980943 944652 458
78463 628388 470
340251 129167 443
587989 766707 447
125862 461587 449
104258 268381 443
578054 303305 470
487258 325885 449
202452 33756 383
357028 638251 470
518021 213655 470
274705 531570 470
634042 330608 470
643563 935356 476
291339 377801 441
439106 111328 449
118492 853323 470
11997 114679 354
711529 103859 470
609077 925389 476
948156 187229 476
417088 366849 449
560453 638410 447
104842 504151 449
527441 943292 476
95603 353665 443
302460 763463 470
257378 338243 407
797818 228012 470
742646 794246 468
424990 568535 470
184780 468776 449
815550 643380 468
803374 547145 468
299287 819225 470
126841 719166 470
270216 475228 449
208093 895470 470
263690 530221 470
373611 717751 470
658229 901893 468
974255 422374 476
975837 518747 476
498761 406835 449
434521 208847 449
644170 797672 468
892185 81130 470
914597 273277 476
139534 801148 470
503911 565400 470
782722 306841 470
542752 408400 470
411445 468896 444
923501 510038 476
609859 819913 468
144961 912117 476
736658 367844 470
738352 93108 470
532542 269735 470
597170 29246 470
579917 542556 452
891290 707544 468
206177 149849 383
20428 207302 383
563344 958443 476
866655 745202 468
315247 285795 389
447947 865468 470
674967 817204 468
456720 28111 449
203080 284383 443
559983 137025 470
188995 392857 443
3063 522478 470
681251 628647 429
433477 226292 449
887332 492882 470
649092 418004 470
